<?xml version="1.0" encoding="UTF-8"?>
<!-- Generated by org.testng.reporters.JUnitReportReporter -->
<testsuite hostname="DESKTOP-GI5LK7B" failures="0" tests="2" name="MavPack1.ExtentReport" time="27.092" errors="0" timestamp="2022-12-15T11:44:02 IST" skipped="0">
  <testcase classname="MavPack1.ExtentReport" name="Logout" time="7.569"/>
  <system-out/>
  <testcase classname="MavPack1.ExtentReport" name="OrangeHrmlogin" time="19.523"/>
  <system-out/>
</testsuite> <!-- MavPack1.ExtentReport -->
