<?xml version="1.0" encoding="UTF-8"?>
<!-- Generated by org.testng.reporters.JUnitReportReporter -->
<testsuite hostname="DESKTOP-GI5LK7B" failures="0" tests="1" name="MavPack1.Frame" time="3.157" errors="0" timestamp="2022-12-16T15:48:28 IST" skipped="0">
  <testcase classname="MavPack1.Frame" name="Frames1" time="3.157"/>
  <system-out/>
</testsuite> <!-- MavPack1.Frame -->
