<?xml version="1.0" encoding="UTF-8"?>
<!-- Generated by org.testng.reporters.JUnitReportReporter -->
<testsuite hostname="DESKTOP-GI5LK7B" failures="0" tests="4" name="MavPack1.Assertconditions" time="0.011" errors="0" timestamp="2022-12-14T13:26:34 IST" skipped="0">
  <testcase classname="MavPack1.Assertconditions" name="yogeesh" time="0.008"/>
  <system-out/>
  <testcase classname="MavPack1.Assertconditions" name="pratiksha" time="0.001"/>
  <system-out/>
  <testcase classname="MavPack1.Assertconditions" name="meghna" time="0.001"/>
  <system-out/>
  <testcase classname="MavPack1.Assertconditions" name="prashant" time="0.001"/>
  <system-out/>
</testsuite> <!-- MavPack1.Assertconditions -->
