<?xml version="1.0" encoding="UTF-8"?>
<!-- Generated by org.testng.reporters.JUnitReportReporter -->
<testsuite hostname="DESKTOP-GI5LK7B" failures="0" tests="1" name="MavPack1.NewTest12" time="0.006" errors="0" timestamp="2022-12-09T15:33:42 IST" skipped="0">
  <testcase classname="MavPack1.NewTest12" name="f" time="0.006"/>
  <system-out/>
</testsuite> <!-- MavPack1.NewTest12 -->
