<?xml version="1.0" encoding="UTF-8"?>
<!-- Generated by org.testng.reporters.JUnitReportReporter -->
<testsuite hostname="DESKTOP-GI5LK7B" failures="0" tests="2" name="MavPack1.abc1" time="33.147" errors="0" timestamp="2022-12-14T11:50:53 IST" skipped="0">
  <testcase classname="MavPack1.abc1" name="Orangehrm" time="17.503"/>
  <system-out/>
  <testcase classname="MavPack1.abc1" name="Orangehrm" time="15.644"/>
  <system-out/>
</testsuite> <!-- MavPack1.abc1 -->
