<?xml version="1.0" encoding="UTF-8"?>
<!-- Generated by org.testng.reporters.JUnitReportReporter -->
<testsuite hostname="DESKTOP-GI5LK7B" failures="0" tests="1" name="MavPack1.JSE" time="3.146" errors="0" timestamp="2022-12-15T15:43:41 IST" skipped="0">
  <testcase classname="MavPack1.JSE" name="Testcase1" time="3.146"/>
  <system-out/>
</testsuite> <!-- MavPack1.JSE -->
