<?xml version="1.0" encoding="UTF-8"?>
<!-- Generated by org.testng.reporters.JUnitReportReporter -->
<testsuite hostname="DESKTOP-GI5LK7B" failures="0" tests="2" name="MavPack1.groupstestng" time="0.008" errors="0" timestamp="2022-12-14T12:53:17 IST" skipped="0">
  <testcase classname="MavPack1.groupstestng" name="testcase1" time="0.007"/>
  <system-out/>
  <testcase classname="MavPack1.groupstestng" name="testcase3" time="0.001"/>
  <system-out/>
</testsuite> <!-- MavPack1.groupstestng -->
